#
# A fatal error has been detected by the Java Runtime Environment:
#
#  SIGSEGV (0xb) at pc=0x00007fa86292973e, pid=32473, tid=140361086940928
#
# JRE version: 6.0_20-b20
# Java VM: OpenJDK 64-Bit Server VM (19.0-b09 mixed mode linux-amd64 compressed oops)
# Derivative: IcedTea6 1.9.7
# Distribution: Ubuntu 10.10, package 6b20-1.9.7-0ubuntu1
# Problematic frame:
# V  [libjvm.so+0x4a273e]
#
# If you would like to submit a bug report, please include
# instructions how to reproduce the bug and visit:
#   https://bugs.launchpad.net/ubuntu/+source/openjdk-6/
#

---------------  T H R E A D  ---------------

Current thread (0x000000000223b000):  JavaThread "*** Profiler Agent Communication Thread" daemon [_thread_in_vm, id=32485, stack(0x00007fa85caa3000,0x00007fa85cba4000)]

siginfo:si_signo=SIGSEGV: si_errno=0, si_code=1 (SEGV_MAPERR), si_addr=0xffffffffffffffff

Registers:
RAX=0x0000000000000074, RBX=0x000000000223b000, RCX=0x00007fa86397a2a0, RDX=0x0000000000000001
RSP=0x00007fa85cba23e0, RBP=0x00007fa85cba23f0, RSI=0x000000000223b000, RDI=0xffffffffffffffff
R8 =0x0000000000000000, R9 =0x0000000000000001, R10=0x0000000000002070, R11=0x0000000000007ff1
R12=0x00000000021878b0, R13=0xffffffffffffffff, R14=0x00007fa862faace0, R15=0x00007fa85cba2410
RIP=0x00007fa86292973e, EFL=0x0000000000010286, CSGSFS=0x0000000000000033, ERR=0x0000000000000005
  TRAPNO=0x000000000000000e

Register to memory mapping:

RAX=0x0000000000000074
0x0000000000000074 is pointing to unknown location

RBX=0x000000000223b000
"*** Profiler Agent Communication Thread" daemon prio=10 tid=0x000000000223b000 nid=0x7ee5 runnable [0x00007fa85cba2000]
   java.lang.Thread.State: RUNNABLE

RCX=0x00007fa86397a2a0
0x00007fa86397a2a0: <offset 0x2182a0> in /lib/libpthread.so.0 at 0x00007fa863762000

RDX=0x0000000000000001
0x0000000000000001 is pointing to unknown location

RSP=0x00007fa85cba23e0
0x00007fa85cba23e0 is pointing into the stack for thread: 0x000000000223b000
"*** Profiler Agent Communication Thread" daemon prio=10 tid=0x000000000223b000 nid=0x7ee5 runnable [0x00007fa85cba2000]
   java.lang.Thread.State: RUNNABLE

RBP=0x00007fa85cba23f0
0x00007fa85cba23f0 is pointing into the stack for thread: 0x000000000223b000
"*** Profiler Agent Communication Thread" daemon prio=10 tid=0x000000000223b000 nid=0x7ee5 runnable [0x00007fa85cba2000]
   java.lang.Thread.State: RUNNABLE

RSI=0x000000000223b000
"*** Profiler Agent Communication Thread" daemon prio=10 tid=0x000000000223b000 nid=0x7ee5 runnable [0x00007fa85cba2000]
   java.lang.Thread.State: RUNNABLE

RDI=0xffffffffffffffff
0xffffffffffffffff is pointing to unknown location

R8 =0x0000000000000000
0x0000000000000000 is pointing to unknown location

R9 =0x0000000000000001
0x0000000000000001 is pointing to unknown location

R10=0x0000000000002070
0x0000000000002070 is pointing to unknown location

R11=0x0000000000007ff1
0x0000000000007ff1 is pointing to unknown location

R12=0x00000000021878b0
0x00000000021878b0 is pointing to unknown location

R13=0xffffffffffffffff
0xffffffffffffffff is pointing to unknown location

R14=0x00007fa862faace0
0x00007fa862faace0: <offset 0xb23ce0> in /usr/lib/jvm/java-6-openjdk/jre/lib/amd64/server/libjvm.so at 0x00007fa862487000

R15=0x00007fa85cba2410
0x00007fa85cba2410 is pointing into the stack for thread: 0x000000000223b000
"*** Profiler Agent Communication Thread" daemon prio=10 tid=0x000000000223b000 nid=0x7ee5 runnable [0x00007fa85cba2000]
   java.lang.Thread.State: RUNNABLE


Top of Stack: (sp=0x00007fa85cba23e0)
0x00007fa85cba23e0:   00000000021878b0 000000000223b000
0x00007fa85cba23f0:   00007fa85cba2460 00007fa8629260e0
0x00007fa85cba2400:   00007fa85cba2570 00007fa85cba24b0
0x00007fa85cba2410:   000000000223b000 0000000000000000
0x00007fa85cba2420:   0000000000000000 0000000000000000
0x00007fa85cba2430:   000000000223a3d0 ffffffffffffffff
0x00007fa85cba2440:   00007fa862f8d520 00007fa85cba2570
0x00007fa85cba2450:   00000000000000d4 0000000000000000
0x00007fa85cba2460:   00007fa862f8c080 00007fa861697893
0x00007fa85cba2470:   00000000026dcf10 00007fa85cba2568
0x00007fa85cba2480:   000000000223b1c8 00007fa8628ae184
0x00007fa85cba2490:   000000000223b000 00007fa85de83e1f
0x00007fa85cba24a0:   00007fa85de6ddd0 00000000b83d6940
0x00007fa85cba24b0:   0000000000000000 00000000b83d6940
0x00007fa85cba24c0:   00007fa85cba2548 0000000000000000
0x00007fa85cba24d0:   00000000b83d6940 00007fa85cba2578
0x00007fa85cba24e0:   000000000223b000 00007fa85de79ca8
0x00007fa85cba24f0:   00000000fffffffe 00000000022571b8
0x00007fa85cba2500:   000000000223b000 00007fa85cba2508
0x00007fa85cba2510:   00000000b83d6940 00007fa85cba2578
0x00007fa85cba2520:   00000000b83d6ef0 0000000000000000
0x00007fa85cba2530:   00000000b83d6940 0000000000000000
0x00007fa85cba2540:   00007fa85cba2568 00007fa85cba25c0
0x00007fa85cba2550:   00007fa85de6e9b3 00000000b83d6e88
0x00007fa85cba2560:   00007fa85de76f5b 00000000eb8024b8
0x00007fa85cba2570:   00000000eb801ca0 00000000000000d4
0x00007fa85cba2580:   00007fa85cba2580 00000000b833b272
0x00007fa85cba2590:   00007fa85cba25f0 00000000b833ffa0
0x00007fa85cba25a0:   0000000000000000 00000000b833b2d0
0x00007fa85cba25b0:   00007fa85cba2568 00007fa85cba25f0
0x00007fa85cba25c0:   00007fa85cba2640 00007fa85de6e9b3
0x00007fa85cba25d0:   0000000000000000 0000000000000000 

Instructions: (pc=0x00007fa86292973e)
0x00007fa86292972e:   90 90 55 48 89 e5 53 48 83 ec 08 48 85 ff 74 48
0x00007fa86292973e:   48 8b 1f 48 b8 fe fe fe fe fe fe fe fe 48 39 c3 

Stack: [0x00007fa85caa3000,0x00007fa85cba4000],  sp=0x00007fa85cba23e0,  free space=1020k
Native frames: (J=compiled Java code, j=interpreted, Vv=VM code, C=native code)
V  [libjvm.so+0x4a273e]
V  [libjvm.so+0x49f0e0]

Java frames: (J=compiled Java code, j=interpreted, Vv=VM code)
j  org.netbeans.lib.profiler.server.system.Stacks.getMethodNamesForJMethodIds(I[I[I)[B+0
j  org.netbeans.lib.profiler.server.ProfilerInterface.getMethodNamesForJMethodIds([I)Lorg/netbeans/lib/profiler/wireprotocol/MethodNamesResponse;+18
j  org.netbeans.lib.profiler.server.ProfilerServer.handleClientCommand(Lorg/netbeans/lib/profiler/wireprotocol/Command;)V+559
j  org.netbeans.lib.profiler.server.ProfilerServer.listenToClient()V+48
j  org.netbeans.lib.profiler.server.ProfilerServer.run()V+22
v  ~StubRoutines::call_stub

---------------  P R O C E S S  ---------------

Java Threads: ( => current thread )
  0x0000000002765800 JavaThread "*** Profiler Agent Special Execution Thread 7" [_thread_blocked, id=32640, stack(0x00007fa850c38000,0x00007fa850d39000)]
  0x000000000233d000 JavaThread "J3D-InputDeviceScheduler-2" [_thread_blocked, id=32623, stack(0x00007fa850d39000,0x00007fa850e3a000)]
  0x0000000002359000 JavaThread "J3D-SoundSchedulerUpdateThread-2" [_thread_blocked, id=32622, stack(0x00007fa850e3a000,0x00007fa850f3b000)]
  0x0000000002d5f000 JavaThread "J3D-RenderStructureUpdateThread-2" [_thread_blocked, id=32621, stack(0x00007fa850f3b000,0x00007fa85103c000)]
  0x0000000002358800 JavaThread "J3D-BehaviorScheduler-2" [_thread_blocked, id=32620, stack(0x00007fa85103c000,0x00007fa85113d000)]
  0x00000000024b6800 JavaThread "J3D-TransformStructureUpdateThread-2" [_thread_blocked, id=32619, stack(0x00007fa85113d000,0x00007fa85123e000)]
  0x00000000024b6000 JavaThread "J3D-RenderingEnvironmentStructureUpdateThread-2" [_thread_blocked, id=32618, stack(0x00007fa85123e000,0x00007fa85133f000)]
  0x0000000002735800 JavaThread "J3D-SoundStructureUpdateThread-2" [_thread_blocked, id=32617, stack(0x00007fa85133f000,0x00007fa851440000)]
  0x00000000025ab000 JavaThread "J3D-GeometryStructureUpdateThread-2" [_thread_blocked, id=32616, stack(0x00007fa851440000,0x00007fa851541000)]
  0x0000000002a61800 JavaThread "J3D-BehaviorStructureUpdateThread-2" [_thread_blocked, id=32615, stack(0x00007fa851541000,0x00007fa851642000)]
  0x0000000002add800 JavaThread "J3D-InputDeviceScheduler-1" [_thread_blocked, id=32523, stack(0x00007fa851b46000,0x00007fa851c47000)]
  0x0000000002adc000 JavaThread "J3D-SoundSchedulerUpdateThread-1" [_thread_blocked, id=32522, stack(0x00007fa851c47000,0x00007fa851d48000)]
  0x000000000290a000 JavaThread "J3D-RenderStructureUpdateThread-1" [_thread_blocked, id=32521, stack(0x00007fa851d48000,0x00007fa851e49000)]
  0x0000000002908000 JavaThread "J3D-BehaviorScheduler-1" [_thread_blocked, id=32520, stack(0x00007fa851e49000,0x00007fa851f4a000)]
  0x0000000002821000 JavaThread "J3D-TransformStructureUpdateThread-1" [_thread_blocked, id=32519, stack(0x00007fa851f4a000,0x00007fa85204b000)]
  0x000000000281f800 JavaThread "J3D-RenderingEnvironmentStructureUpdateThread-1" [_thread_blocked, id=32518, stack(0x00007fa85204b000,0x00007fa85214c000)]
  0x00000000027a2000 JavaThread "J3D-SoundStructureUpdateThread-1" [_thread_blocked, id=32517, stack(0x00007fa85214c000,0x00007fa85224d000)]
  0x00000000027a0000 JavaThread "J3D-GeometryStructureUpdateThread-1" [_thread_blocked, id=32516, stack(0x00007fa85224d000,0x00007fa85234e000)]
  0x00000000022e4000 JavaThread "J3D-BehaviorStructureUpdateThread-1" [_thread_blocked, id=32515, stack(0x00007fa85234e000,0x00007fa85244f000)]
  0x00000000024a3800 JavaThread "J3D-Renderer-1" [_thread_blocked, id=32514, stack(0x00007fa852ab3000,0x00007fa852bb4000)]
  0x000000000258c800 JavaThread "J3D-MasterControl-1" [_thread_blocked, id=32513, stack(0x00007fa852bb4000,0x00007fa852cb5000)]
  0x00000000024ac800 JavaThread "J3D-NotificationThread" [_thread_blocked, id=32512, stack(0x00007fa852cb5000,0x00007fa852db6000)]
  0x000000000248f000 JavaThread "J3D-TimerThread" [_thread_blocked, id=32511, stack(0x00007fa852db6000,0x00007fa852eb7000)]
  0x000000000238a000 JavaThread "J3D-RenderingAttributesStructureUpdateThread" [_thread_blocked, id=32510, stack(0x00007fa857afb000,0x00007fa857bfc000)]
  0x00000000023eb800 JavaThread "*** Profiler Agent Special Execution Thread 3" [_thread_blocked, id=32509, stack(0x00007fa8552b9000,0x00007fa8553ba000)]
  0x00000000022b3800 JavaThread "TimerQueue" daemon [_thread_blocked, id=32508, stack(0x00007fa8553ba000,0x00007fa8554bb000)]
  0x000000000218c000 JavaThread "DestroyJavaVM" [_thread_blocked, id=32475, stack(0x00007fa863c8d000,0x00007fa863d8e000)]
  0x0000000002627800 JavaThread "AWT-EventQueue-0" [_thread_blocked, id=32507, stack(0x00007fa8555bc000,0x00007fa8556bd000)]
  0x000000000276e800 JavaThread "AWT-Shutdown" [_thread_blocked, id=32506, stack(0x00007fa8554bb000,0x00007fa8555bc000)]
  0x000000000241c800 JavaThread "AWT-XAWT" daemon [_thread_in_native, id=32500, stack(0x00007fa855966000,0x00007fa855a67000)]
  0x00007fa858072000 JavaThread "Java2D Disposer" daemon [_thread_blocked, id=32499, stack(0x00007fa85c383000,0x00007fa85c484000)]
  0x00007fa85802a800 JavaThread "Low Memory Detector" daemon [_thread_blocked, id=32496, stack(0x00007fa857cfd000,0x00007fa857dfe000)]
  0x00007fa858028000 JavaThread "CompilerThread1" daemon [_thread_blocked, id=32495, stack(0x00007fa857dfe000,0x00007fa857eff000)]
  0x00007fa858021000 JavaThread "CompilerThread0" daemon [_thread_blocked, id=32494, stack(0x00007fa857eff000,0x00007fa858000000)]
  0x00007fa858001000 JavaThread "*** Profiler Agent Special Execution Thread 6" daemon [_thread_blocked, id=32489, stack(0x00007fa85c68b000,0x00007fa85c78c000)]
  0x0000000002280000 JavaThread "*** JFluid Monitor thread ***" daemon [_thread_blocked, id=32488, stack(0x00007fa85c78c000,0x00007fa85c88d000)]
=>0x000000000223b000 JavaThread "*** Profiler Agent Communication Thread" daemon [_thread_in_vm, id=32485, stack(0x00007fa85caa3000,0x00007fa85cba4000)]
  0x0000000002224800 JavaThread "Signal Dispatcher" daemon [_thread_blocked, id=32484, stack(0x00007fa85cbcb000,0x00007fa85cccc000)]
  0x0000000002203800 JavaThread "Finalizer" daemon [_thread_blocked, id=32483, stack(0x00007fa85d090000,0x00007fa85d191000)]
  0x00000000021fc000 JavaThread "Reference Handler" daemon [_thread_blocked, id=32482, stack(0x00007fa85d191000,0x00007fa85d292000)]

Other Threads:
  0x00000000021f1800 VMThread [stack: 0x00007fa85d292000,0x00007fa85d393000] [id=32481]
  0x00007fa85802d000 WatcherThread [stack: 0x00007fa857bfc000,0x00007fa857cfd000] [id=32497]

VM state:not at safepoint (normal execution)

VM Mutex/Monitor currently owned by a thread: None

Heap
 PSYoungGen      total 10560K, used 11K [0x00000000eb800000, 0x00000000ecd00000, 0x0000000100000000)
  eden space 10496K, 0% used [0x00000000eb800000,0x00000000eb802eb8,0x00000000ec240000)
  from space 64K, 0% used [0x00000000ec290000,0x00000000ec290000,0x00000000ec2a0000)
  to   space 5504K, 0% used [0x00000000ec7a0000,0x00000000ec7a0000,0x00000000ecd00000)
 PSOldGen        total 16512K, used 7005K [0x00000000c2800000, 0x00000000c3820000, 0x00000000eb800000)
  object space 16512K, 42% used [0x00000000c2800000,0x00000000c2ed7550,0x00000000c3820000)
 PSPermGen       total 60544K, used 26521K [0x00000000b8200000, 0x00000000bbd20000, 0x00000000c2800000)
  object space 60544K, 43% used [0x00000000b8200000,0x00000000b9be6510,0x00000000bbd20000)

Dynamic libraries:
00400000-00409000 r-xp 00000000 08:05 823765                             /usr/lib/jvm/java-6-openjdk/jre/bin/java
00608000-00609000 r--p 00008000 08:05 823765                             /usr/lib/jvm/java-6-openjdk/jre/bin/java
00609000-0060a000 rw-p 00009000 08:05 823765                             /usr/lib/jvm/java-6-openjdk/jre/bin/java
02182000-04de5000 rw-p 00000000 00:00 0                                  [heap]
41047000-410ad000 rw-p 00000000 00:05 4545                               /dev/zero
419e9000-419eb000 r-xs 00000000 08:05 1156                               /tmp/gllUWxeB (deleted)
b8200000-bbd20000 rw-p 00000000 00:00 0 
bbd20000-bc860000 ---p 00000000 00:00 0 
bc860000-c2800000 rw-p 00000000 00:00 0 
c2800000-c3820000 rw-p 00000000 00:00 0 
c3820000-c3940000 ---p 00000000 00:00 0 
c3940000-eb800000 rw-p 00000000 00:00 0 
eb800000-ecd00000 rw-p 00000000 00:00 0 
ecd00000-ed390000 ---p 00000000 00:00 0 
ed390000-100000000 rw-p 00000000 00:00 0 
7fa84c000000-7fa84d370000 rw-p 00000000 00:00 0 
7fa84d370000-7fa850000000 ---p 00000000 00:00 0 
7fa850935000-7fa850938000 ---p 00000000 00:00 0 
7fa850938000-7fa850a36000 rw-p 00000000 00:00 0 
7fa850a36000-7fa850a39000 ---p 00000000 00:00 0 
7fa850a39000-7fa850b37000 rw-p 00000000 00:00 0 
7fa850b37000-7fa850b3a000 ---p 00000000 00:00 0 
7fa850b3a000-7fa850c38000 rw-p 00000000 00:00 0 
7fa850c38000-7fa850c3b000 ---p 00000000 00:00 0 
7fa850c3b000-7fa850d39000 rw-p 00000000 00:00 0 
7fa850d39000-7fa850d3c000 ---p 00000000 00:00 0 
7fa850d3c000-7fa850e3a000 rw-p 00000000 00:00 0 
7fa850e3a000-7fa850e3d000 ---p 00000000 00:00 0 
7fa850e3d000-7fa850f3b000 rw-p 00000000 00:00 0 
7fa850f3b000-7fa850f3e000 ---p 00000000 00:00 0 
7fa850f3e000-7fa85103c000 rw-p 00000000 00:00 0 
7fa85103c000-7fa85103f000 ---p 00000000 00:00 0 
7fa85103f000-7fa85113d000 rw-p 00000000 00:00 0 
7fa85113d000-7fa851140000 ---p 00000000 00:00 0 
7fa851140000-7fa85123e000 rw-p 00000000 00:00 0 
7fa85123e000-7fa851241000 ---p 00000000 00:00 0 
7fa851241000-7fa85133f000 rw-p 00000000 00:00 0 
7fa85133f000-7fa851342000 ---p 00000000 00:00 0 
7fa851342000-7fa851440000 rw-p 00000000 00:00 0 
7fa851440000-7fa851443000 ---p 00000000 00:00 0 
7fa851443000-7fa851541000 rw-p 00000000 00:00 0 
7fa851541000-7fa851544000 ---p 00000000 00:00 0 
7fa851544000-7fa851642000 rw-p 00000000 00:00 0 
7fa851642000-7fa851645000 ---p 00000000 00:00 0 
7fa851645000-7fa851743000 rw-p 00000000 00:00 0 
7fa851743000-7fa851746000 ---p 00000000 00:00 0 
7fa851746000-7fa851844000 rw-p 00000000 00:00 0 
7fa851844000-7fa851846000 rw-s 00000000 08:05 1156                       /tmp/gllUWxeB (deleted)
7fa851846000-7fa851a46000 rw-s 94bbb000 00:05 8309                       /dev/nvidia0
7fa851a46000-7fa851b46000 rw-s 37b18000 00:05 8309                       /dev/nvidia0
7fa851b46000-7fa851b49000 ---p 00000000 00:00 0 
7fa851b49000-7fa851c47000 rw-p 00000000 00:00 0 
7fa851c47000-7fa851c4a000 ---p 00000000 00:00 0 
7fa851c4a000-7fa851d48000 rw-p 00000000 00:00 0 
7fa851d48000-7fa851d4b000 ---p 00000000 00:00 0 
7fa851d4b000-7fa851e49000 rw-p 00000000 00:00 0 
7fa851e49000-7fa851e4c000 ---p 00000000 00:00 0 
7fa851e4c000-7fa851f4a000 rw-p 00000000 00:00 0 
7fa851f4a000-7fa851f4d000 ---p 00000000 00:00 0 
7fa851f4d000-7fa85204b000 rw-p 00000000 00:00 0 
7fa85204b000-7fa85204e000 ---p 00000000 00:00 0 
7fa85204e000-7fa85214c000 rw-p 00000000 00:00 0 
7fa85214c000-7fa85214f000 ---p 00000000 00:00 0 
7fa85214f000-7fa85224d000 rw-p 00000000 00:00 0 
7fa85224d000-7fa852250000 ---p 00000000 00:00 0 
7fa852250000-7fa85234e000 rw-p 00000000 00:00 0 
7fa85234e000-7fa852351000 ---p 00000000 00:00 0 
7fa852351000-7fa85244f000 rw-p 00000000 00:00 0 
7fa85244f000-7fa852472000 r-xp 00000000 08:05 2886                       /usr/lib/libjpeg.so.62.0.0
7fa852472000-7fa852671000 ---p 00023000 08:05 2886                       /usr/lib/libjpeg.so.62.0.0
7fa852671000-7fa852672000 r--p 00022000 08:05 2886                       /usr/lib/libjpeg.so.62.0.0
7fa852672000-7fa852673000 rw-p 00023000 08:05 2886                       /usr/lib/libjpeg.so.62.0.0
7fa852673000-7fa85267d000 r-xp 00000000 08:05 823799                     /usr/lib/jvm/java-6-openjdk/jre/lib/amd64/libjpeg.so
7fa85267d000-7fa85287c000 ---p 0000a000 08:05 823799                     /usr/lib/jvm/java-6-openjdk/jre/lib/amd64/libjpeg.so
7fa85287c000-7fa85287d000 r--p 00009000 08:05 823799                     /usr/lib/jvm/java-6-openjdk/jre/lib/amd64/libjpeg.so
7fa85287d000-7fa85287e000 rw-p 0000a000 08:05 823799                     /usr/lib/jvm/java-6-openjdk/jre/lib/amd64/libjpeg.so
7fa85287e000-7fa8528b0000 r-xp 00000000 08:05 823784                     /usr/lib/jvm/java-6-openjdk/jre/lib/amd64/liblcms.so
7fa8528b0000-7fa852aaf000 ---p 00032000 08:05 823784                     /usr/lib/jvm/java-6-openjdk/jre/lib/amd64/liblcms.so
7fa852aaf000-7fa852ab0000 r--p 00031000 08:05 823784                     /usr/lib/jvm/java-6-openjdk/jre/lib/amd64/liblcms.so
7fa852ab0000-7fa852ab1000 rw-p 00032000 08:05 823784                     /usr/lib/jvm/java-6-openjdk/jre/lib/amd64/liblcms.so
7fa852ab1000-7fa852ab3000 rw-p 00000000 00:00 0 
7fa852ab3000-7fa852ab6000 ---p 00000000 00:00 0 
7fa852ab6000-7fa852bb4000 rw-p 00000000 00:00 0 
7fa852bb4000-7fa852bb7000 ---p 00000000 00:00 0 
7fa852bb7000-7fa852cb5000 rw-p 00000000 00:00 0 
7fa852cb5000-7fa852cb8000 ---p 00000000 00:00 0 
7fa852cb8000-7fa852db6000 rw-p 00000000 00:00 0 
7fa852db6000-7fa852db9000 ---p 00000000 00:00 0 
7fa852db9000-7fa852eb7000 rw-p 00000000 00:00 0 
7fa852eb7000-7fa85429f000 r-xp 00000000 08:05 140577                     /usr/lib/nvidia-current/libnvidia-glcore.so.260.19.06
7fa85429f000-7fa85449e000 ---p 013e8000 08:05 140577                     /usr/lib/nvidia-current/libnvidia-glcore.so.260.19.06
7fa85449e000-7fa854a7a000 rwxp 013e7000 08:05 140577                     /usr/lib/nvidia-current/libnvidia-glcore.so.260.19.06
7fa854a7a000-7fa854a90000 rwxp 00000000 00:00 0 
7fa854a90000-7fa854a91000 r-xp 00000000 08:05 134642                     /usr/lib/nvidia-current/tls/libnvidia-tls.so.260.19.06
7fa854a91000-7fa854c91000 ---p 00001000 08:05 134642                     /usr/lib/nvidia-current/tls/libnvidia-tls.so.260.19.06
7fa854c91000-7fa854c92000 rw-p 00001000 08:05 134642                     /usr/lib/nvidia-current/tls/libnvidia-tls.so.260.19.06
7fa854c92000-7fa854d49000 r-xp 00000000 08:05 134639                     /usr/lib/nvidia-current/libGL.so.260.19.06
7fa854d49000-7fa854f49000 ---p 000b7000 08:05 134639                     /usr/lib/nvidia-current/libGL.so.260.19.06
7fa854f49000-7fa854f81000 rwxp 000b7000 08:05 134639                     /usr/lib/nvidia-current/libGL.so.260.19.06
7fa854f81000-7fa854f97000 rwxp 00000000 00:00 0 
7fa854f97000-7fa854fb7000 r-xp 00000000 08:05 4784                       /lib/libj3dcore-ogl.so
7fa854fb7000-7fa8550b6000 ---p 00020000 08:05 4784                       /lib/libj3dcore-ogl.so
7fa8550b6000-7fa8550b7000 rw-p 0001f000 08:05 4784                       /lib/libj3dcore-ogl.so
7fa8550b7000-7fa8550b8000 r-xp 00000000 08:05 823801                     /usr/lib/jvm/java-6-openjdk/jre/lib/amd64/libjawt.so
7fa8550b8000-7fa8552b7000 ---p 00001000 08:05 823801                     /usr/lib/jvm/java-6-openjdk/jre/lib/amd64/libjawt.so
7fa8552b7000-7fa8552b8000 r--p 00000000 08:05 823801                     /usr/lib/jvm/java-6-openjdk/jre/lib/amd64/libjawt.so
7fa8552b8000-7fa8552b9000 rw-p 00001000 08:05 823801                     /usr/lib/jvm/java-6-openjdk/jre/lib/amd64/libjawt.so
7fa8552b9000-7fa8552bc000 ---p 00000000 00:00 0 
7fa8552bc000-7fa8553ba000 rw-p 00000000 00:00 0 
7fa8553ba000-7fa8553bd000 ---p 00000000 00:00 0 
7fa8553bd000-7fa8554bb000 rw-p 00000000 00:00 0 
7fa8554bb000-7fa8554be000 ---p 00000000 00:00 0 
7fa8554be000-7fa8555bc000 rw-p 00000000 00:00 0 
7fa8555bc000-7fa8555bf000 ---p 00000000 00:00 0 
7fa8555bf000-7fa8556bd000 rw-p 00000000 00:00 0 
7fa8556bd000-7fa8556c2000 r-xp 00000000 08:05 137                        /usr/lib/libXfixes.so.3.1.0
7fa8556c2000-7fa8558c1000 ---p 00005000 08:05 137                        /usr/lib/libXfixes.so.3.1.0
7fa8558c1000-7fa8558c2000 r--p 00004000 08:05 137                        /usr/lib/libXfixes.so.3.1.0
7fa8558c2000-7fa8558c3000 rw-p 00005000 08:05 137                        /usr/lib/libXfixes.so.3.1.0
7fa8558c3000-7fa8558c4000 r--s 00000000 08:05 287435                     /var/cache/fontconfig/26de28bc8622bbc1fb67fd234c21975f-le64.cache-3
7fa8558c4000-7fa8558c5000 r--s 00000000 08:05 267582                     /var/cache/fontconfig/c05880de57d1f5e948fdfacc138775d9-le64.cache-3
7fa8558c5000-7fa8558ce000 r--s 00000000 08:05 267581                     /var/cache/fontconfig/945677eb7aeaf62f1d50efc3fb3ec7d8-le64.cache-3
7fa8558ce000-7fa8558d2000 r--s 00000000 08:05 267578                     /var/cache/fontconfig/99e8ed0e538f840c565b6ed5dad60d56-le64.cache-3
7fa8558d2000-7fa8558d5000 r--s 00000000 08:05 267576                     /var/cache/fontconfig/f24b2111ab8703b4e963115a8cf14259-le64.cache-3
7fa8558d5000-7fa8558d8000 r--s 00000000 08:05 267575                     /var/cache/fontconfig/e383d7ea5fbe662a33d9b44caf393297-le64.cache-3
7fa8558d8000-7fa8558df000 r--s 00000000 08:05 287436                     /var/cache/fontconfig/401a5dd6b567794a1d18dd9342dfa604-le64.cache-3
7fa8558df000-7fa8558e2000 r--s 00000000 08:05 309468                     /var/cache/fontconfig/2cd17615ca594fa2959ae173292e504c-le64.cache-3
7fa8558e2000-7fa8558e3000 r--s 00000000 08:05 267295                     /var/cache/fontconfig/e7071f4a29fa870f4323321c154eba04-le64.cache-3
7fa8558e3000-7fa8558e6000 r--s 00000000 08:05 329559                     /var/cache/fontconfig/b5ea634b0fb353b8ea17632d1f9ef766-le64.cache-3
7fa8558e6000-7fa8558eb000 r--s 00000000 08:05 267285                     /var/cache/fontconfig/062808c12e6e608270f93bb230aed730-le64.cache-3
7fa8558eb000-7fa8558f1000 r--s 00000000 08:05 267283                     /var/cache/fontconfig/a755afe4a08bf5b97852ceb7400b47bc-le64.cache-3
7fa8558f1000-7fa8558f6000 r--s 00000000 08:05 292578                     /var/cache/fontconfig/515ca1ebc4b18308bea979be5704f9db-le64.cache-3
7fa855902000-7fa855906000 rw-s 84a2f000 00:05 8309                       /dev/nvidia0
7fa855906000-7fa855946000 rw-s 84be6000 00:05 8309                       /dev/nvidia0
7fa855966000-7fa855969000 ---p 00000000 00:00 0 
7fa855969000-7fa855a67000 rw-p 00000000 00:00 0 
7fa855a67000-7fa855a68000 r--s 00000000 08:05 287435                     /var/cache/fontconfig/26de28bc8622bbc1fb67fd234c21975f-le64.cache-3
7fa855a68000-7fa855a69000 r--s 00000000 08:05 267582                     /var/cache/fontconfig/c05880de57d1f5e948fdfacc138775d9-le64.cache-3
7fa855a69000-7fa855a72000 r--s 00000000 08:05 267581                     /var/cache/fontconfig/945677eb7aeaf62f1d50efc3fb3ec7d8-le64.cache-3
7fa855a72000-7fa855a76000 r--s 00000000 08:05 267578                     /var/cache/fontconfig/99e8ed0e538f840c565b6ed5dad60d56-le64.cache-3
7fa855a76000-7fa855a79000 r--s 00000000 08:05 267576                     /var/cache/fontconfig/f24b2111ab8703b4e963115a8cf14259-le64.cache-3
7fa855a79000-7fa855a7c000 r--s 00000000 08:05 267575                     /var/cache/fontconfig/e383d7ea5fbe662a33d9b44caf393297-le64.cache-3
7fa855a7c000-7fa855a83000 r--s 00000000 08:05 287436                     /var/cache/fontconfig/401a5dd6b567794a1d18dd9342dfa604-le64.cache-3
7fa855a83000-7fa855ab1000 r--s 00000000 08:05 266969                     /var/cache/fontconfig/365b55f210c0a22e9a19e35191240f32-le64.cache-3
7fa855ab1000-7fa855abb000 r--s 00000000 08:05 266968                     /var/cache/fontconfig/d52a8644073d54c13679302ca1180695-le64.cache-3
7fa855abb000-7fa855ac6000 r--s 00000000 08:05 359914                     /var/cache/fontconfig/e13b20fdb08344e0e664864cc2ede53d-le64.cache-3
7fa855ac6000-7fa855ac9000 r--s 00000000 08:05 309468                     /var/cache/fontconfig/2cd17615ca594fa2959ae173292e504c-le64.cache-3
7fa855ac9000-7fa855aca000 r--s 00000000 08:05 267295                     /var/cache/fontconfig/e7071f4a29fa870f4323321c154eba04-le64.cache-3
7fa855aca000-7fa855acd000 r--s 00000000 08:05 329559                     /var/cache/fontconfig/b5ea634b0fb353b8ea17632d1f9ef766-le64.cache-3
7fa855acd000-7fa855ad1000 r--s 00000000 08:05 267292                     /var/cache/fontconfig/6eb3985aa4124903f6ff08ba781cd364-le64.cache-3
7fa855ad1000-7fa855ad2000 r--s 00000000 08:05 267289                     /var/cache/fontconfig/4c73fe0c47614734b17d736dbde7580a-le64.cache-3
7fa855ad2000-7fa855ad3000 r--s 00000000 08:05 267288                     /var/cache/fontconfig/0d8c3b2ac0904cb8a57a757ad11a4a08-le64.cache-3
7fa855ad3000-7fa855ad4000 r--s 00000000 08:05 267287                     /var/cache/fontconfig/6a53c69dea097a2d716e069445527da8-le64.cache-3
7fa855ad4000-7fa855ad9000 r--s 00000000 08:05 267285                     /var/cache/fontconfig/062808c12e6e608270f93bb230aed730-le64.cache-3
7fa855ad9000-7fa855adf000 r--s 00000000 08:05 267283                     /var/cache/fontconfig/a755afe4a08bf5b97852ceb7400b47bc-le64.cache-3
7fa855adf000-7fa855ae4000 r--s 00000000 08:05 292578                     /var/cache/fontconfig/515ca1ebc4b18308bea979be5704f9db-le64.cache-3
7fa855ae4000-7fa855aed000 r--s 00000000 08:05 267281                     /var/cache/fontconfig/6d41288fd70b0be22e8c3a91e032eec0-le64.cache-3
7fa855aed000-7fa855afd000 r--s 00000000 08:05 267277                     /var/cache/fontconfig/0f34bcd4b6ee430af32735b75db7f02b-le64.cache-3
7fa855afe000-7fa855b02000 rw-s 84af0000 00:05 8309                       /dev/nvidia0
7fa855b02000-7fa855b06000 rw-s 94643000 00:05 8309                       /dev/nvidia0
7fa855b06000-7fa855b0f000 r-xp 00000000 08:05 3461                       /usr/lib/libXcursor.so.1.0.2
7fa855b0f000-7fa855d0e000 ---p 00009000 08:05 3461                       /usr/lib/libXcursor.so.1.0.2
7fa855d0e000-7fa855d0f000 r--p 00008000 08:05 3461                       /usr/lib/libXcursor.so.1.0.2
7fa855d0f000-7fa855d10000 rw-p 00009000 08:05 3461                       /usr/lib/libXcursor.so.1.0.2
7fa855d11000-7fa855d12000 rw-s d0002000 00:05 8309                       /dev/nvidia0
7fa855d12000-7fa855d13000 rw-s 84b7d000 00:05 8309                       /dev/nvidia0
7fa855d13000-7fa855d14000 rw-s ccc06000 00:05 8309                       /dev/nvidia0
7fa855d14000-7fa855d15000 rw-s cc641000 00:05 8309                       /dev/nvidia0
7fa855d15000-7fa855d16000 rw-s 110700000 00:05 8309                      /dev/nvidia0
7fa855d16000-7fa855d17000 rw-s b0a28000 00:05 8309                       /dev/nvidia0
7fa855d17000-7fa855d18000 rw-s cc060000 00:05 8309                       /dev/nvidia0
7fa855d18000-7fa855d31000 rw-s 00000000 00:04 32769                      /SYSV00000000 (deleted)
7fa855d31000-7fa855d32000 r--p 00000000 00:00 0 
7fa855d32000-7fa855d38000 r--s 000fc000 08:05 673357                     /usr/lib/jvm/java-6-openjdk/jre/lib/resources.jar
7fa855d38000-7fa855d3b000 r--s 00000000 08:05 267275                     /var/cache/fontconfig/d60319d88cac85ba9e1a07bd06cfbb8c-le64.cache-3
7fa855d3b000-7fa855d3c000 r--s 00000000 08:05 298629                     /var/cache/fontconfig/4794a0821666d79190d59a36cb4f44b5-le64.cache-3
7fa855d3c000-7fa855d40000 r--s 00000000 08:05 284448                     /var/cache/fontconfig/7ef2298fde41cc6eeb7af42e48b7d293-le64.cache-3
7fa855d40000-7fa855d54000 r--s 00000000 08:05 360123                     /var/cache/fontconfig/865f88548240fee46819705c6468c165-le64.cache-3
7fa855d54000-7fa855d69000 r-xp 00000000 08:05 15986                      /lib/libgcc_s.so.1
7fa855d69000-7fa855f68000 ---p 00015000 08:05 15986                      /lib/libgcc_s.so.1
7fa855f68000-7fa855f69000 r--p 00014000 08:05 15986                      /lib/libgcc_s.so.1
7fa855f69000-7fa855f6a000 rw-p 00015000 08:05 15986                      /lib/libgcc_s.so.1
7fa855f6a000-7fa855feb000 r-xp 00000000 08:05 303                        /usr/lib/libfreetype.so.6.6.0
7fa855feb000-7fa8561eb000 ---p 00081000 08:05 303                        /usr/lib/libfreetype.so.6.6.0
7fa8561eb000-7fa8561f0000 r--p 00081000 08:05 303                        /usr/lib/libfreetype.so.6.6.0
7fa8561f0000-7fa8561f1000 rw-p 00086000 08:05 303                        /usr/lib/libfreetype.so.6.6.0
7fa8561f1000-7fa856237000 r-xp 00000000 08:05 823791                     /usr/lib/jvm/java-6-openjdk/jre/lib/amd64/libfontmanager.so
7fa856237000-7fa856437000 ---p 00046000 08:05 823791                     /usr/lib/jvm/java-6-openjdk/jre/lib/amd64/libfontmanager.so
7fa856437000-7fa85643a000 r--p 00046000 08:05 823791                     /usr/lib/jvm/java-6-openjdk/jre/lib/amd64/libfontmanager.so
7fa85643a000-7fa85643b000 rw-p 00049000 08:05 823791                     /usr/lib/jvm/java-6-openjdk/jre/lib/amd64/libfontmanager.so
7fa85643b000-7fa85644d000 rw-p 00000000 00:00 0 
7fa85644d000-7fa856452000 r-xp 00000000 08:05 5461                       /usr/lib/libXdmcp.so.6.0.0
7fa856452000-7fa856651000 ---p 00005000 08:05 5461                       /usr/lib/libXdmcp.so.6.0.0
7fa856651000-7fa856652000 r--p 00004000 08:05 5461                       /usr/lib/libXdmcp.so.6.0.0
7fa856652000-7fa856653000 rw-p 00005000 08:05 5461                       /usr/lib/libXdmcp.so.6.0.0
7fa856653000-7fa856655000 r-xp 00000000 08:05 5554                       /usr/lib/libXau.so.6.0.0
7fa856655000-7fa856854000 ---p 00002000 08:05 5554                       /usr/lib/libXau.so.6.0.0
7fa856854000-7fa856855000 r--p 00001000 08:05 5554                       /usr/lib/libXau.so.6.0.0
7fa856855000-7fa856856000 rw-p 00002000 08:05 5554                       /usr/lib/libXau.so.6.0.0
7fa856856000-7fa856871000 r-xp 00000000 08:05 5468                       /usr/lib/libxcb.so.1.1.0
7fa856871000-7fa856a71000 ---p 0001b000 08:05 5468                       /usr/lib/libxcb.so.1.1.0
7fa856a71000-7fa856a72000 r--p 0001b000 08:05 5468                       /usr/lib/libxcb.so.1.1.0
7fa856a72000-7fa856a73000 rw-p 0001c000 08:05 5468                       /usr/lib/libxcb.so.1.1.0
7fa856a73000-7fa856a81000 r-xp 00000000 08:05 4722                       /usr/lib/libXi.so.6.1.0
7fa856a81000-7fa856c81000 ---p 0000e000 08:05 4722                       /usr/lib/libXi.so.6.1.0
7fa856c81000-7fa856c82000 r--p 0000e000 08:05 4722                       /usr/lib/libXi.so.6.1.0
7fa856c82000-7fa856c83000 rw-p 0000f000 08:05 4722                       /usr/lib/libXi.so.6.1.0
7fa856c83000-7fa856c88000 r-xp 00000000 08:05 1577                       /usr/lib/libXtst.so.6.1.0
7fa856c88000-7fa856e88000 ---p 00005000 08:05 1577                       /usr/lib/libXtst.so.6.1.0
7fa856e88000-7fa856e89000 r--p 00005000 08:05 1577                       /usr/lib/libXtst.so.6.1.0
7fa856e89000-7fa856e8a000 rw-p 00006000 08:05 1577                       /usr/lib/libXtst.so.6.1.0
7fa856e8a000-7fa856e93000 r-xp 00000000 08:05 3665                       /usr/lib/libXrender.so.1.3.0
7fa856e93000-7fa857092000 ---p 00009000 08:05 3665                       /usr/lib/libXrender.so.1.3.0
7fa857092000-7fa857093000 r--p 00008000 08:05 3665                       /usr/lib/libXrender.so.1.3.0
7fa857093000-7fa857094000 rw-p 00009000 08:05 3665                       /usr/lib/libXrender.so.1.3.0
7fa857094000-7fa8571c5000 r-xp 00000000 08:05 5529                       /usr/lib/libX11.so.6.3.0
7fa8571c5000-7fa8573c5000 ---p 00131000 08:05 5529                       /usr/lib/libX11.so.6.3.0
7fa8573c5000-7fa8573c6000 r--p 00131000 08:05 5529                       /usr/lib/libX11.so.6.3.0
7fa8573c6000-7fa8573ca000 rw-p 00132000 08:05 5529                       /usr/lib/libX11.so.6.3.0
7fa8573ca000-7fa8573db000 r-xp 00000000 08:05 3393                       /usr/lib/libXext.so.6.4.0
7fa8573db000-7fa8575da000 ---p 00011000 08:05 3393                       /usr/lib/libXext.so.6.4.0
7fa8575da000-7fa8575db000 r--p 00010000 08:05 3393                       /usr/lib/libXext.so.6.4.0
7fa8575db000-7fa8575dc000 rw-p 00011000 08:05 3393                       /usr/lib/libXext.so.6.4.0
7fa8575dc000-7fa857626000 r-xp 00000000 08:05 795677                     /usr/lib/jvm/java-6-openjdk/jre/lib/amd64/xawt/libmawt.so
7fa857626000-7fa857826000 ---p 0004a000 08:05 795677                     /usr/lib/jvm/java-6-openjdk/jre/lib/amd64/xawt/libmawt.so
7fa857826000-7fa857827000 r--p 0004a000 08:05 795677                     /usr/lib/jvm/java-6-openjdk/jre/lib/amd64/xawt/libmawt.so
7fa857827000-7fa85782a000 rw-p 0004b000 08:05 795677                     /usr/lib/jvm/java-6-openjdk/jre/lib/amd64/xawt/libmawt.so
7fa85782a000-7fa85782b000 rw-p 00000000 00:00 0 
7fa85782b000-7fa8578cb000 r-xp 00000000 08:05 823800                     /usr/lib/jvm/java-6-openjdk/jre/lib/amd64/libawt.so
7fa8578cb000-7fa857aca000 ---p 000a0000 08:05 823800                     /usr/lib/jvm/java-6-openjdk/jre/lib/amd64/libawt.so
7fa857aca000-7fa857acb000 r--p 0009f000 08:05 823800                     /usr/lib/jvm/java-6-openjdk/jre/lib/amd64/libawt.so
7fa857acb000-7fa857ad6000 rw-p 000a0000 08:05 823800                     /usr/lib/jvm/java-6-openjdk/jre/lib/amd64/libawt.so
7fa857ad6000-7fa857afb000 rw-p 00000000 00:00 0 
7fa857afb000-7fa857afe000 ---p 00000000 00:00 0 
7fa857afe000-7fa857bfc000 rw-p 00000000 00:00 0 
7fa857bfc000-7fa857bfd000 ---p 00000000 00:00 0 
7fa857bfd000-7fa857cfd000 rw-p 00000000 00:00 0 
7fa857cfd000-7fa857d00000 ---p 00000000 00:00 0 
7fa857d00000-7fa857dfe000 rw-p 00000000 00:00 0 
7fa857dfe000-7fa857e01000 ---p 00000000 00:00 0 
7fa857e01000-7fa857eff000 rw-p 00000000 00:00 0 
7fa857eff000-7fa857f02000 ---p 00000000 00:00 0 
7fa857f02000-7fa858000000 rw-p 00000000 00:00 0 
7fa858000000-7fa85bffc000 rw-p 00000000 00:00 0 
7fa85bffc000-7fa85c000000 ---p 00000000 00:00 0 
7fa85c000000-7fa85c004000 r--s 00000000 08:05 267292                     /var/cache/fontconfig/6eb3985aa4124903f6ff08ba781cd364-le64.cache-3
7fa85c004000-7fa85c00d000 r--s 00000000 08:05 267281                     /var/cache/fontconfig/6d41288fd70b0be22e8c3a91e032eec0-le64.cache-3
7fa85c00d000-7fa85c01d000 r--s 00000000 08:05 267277                     /var/cache/fontconfig/0f34bcd4b6ee430af32735b75db7f02b-le64.cache-3
7fa85c01d000-7fa85c04b000 r--s 00000000 08:05 266969                     /var/cache/fontconfig/365b55f210c0a22e9a19e35191240f32-le64.cache-3
7fa85c04b000-7fa85c055000 r--s 00000000 08:05 266968                     /var/cache/fontconfig/d52a8644073d54c13679302ca1180695-le64.cache-3
7fa85c055000-7fa85c17a000 rw-s 00000000 08:05 1155                       /tmp/jfluidbuf5337154498971418304.tmp
7fa85c17a000-7fa85c182000 r-xp 00000000 08:05 823773                     /usr/lib/jvm/java-6-openjdk/jre/lib/amd64/libnio.so
7fa85c182000-7fa85c381000 ---p 00008000 08:05 823773                     /usr/lib/jvm/java-6-openjdk/jre/lib/amd64/libnio.so
7fa85c381000-7fa85c382000 r--p 00007000 08:05 823773                     /usr/lib/jvm/java-6-openjdk/jre/lib/amd64/libnio.so
7fa85c382000-7fa85c383000 rw-p 00008000 08:05 823773                     /usr/lib/jvm/java-6-openjdk/jre/lib/amd64/libnio.so
7fa85c383000-7fa85c386000 ---p 00000000 00:00 0 
7fa85c386000-7fa85c484000 rw-p 00000000 00:00 0 
7fa85c484000-7fa85c48a000 r-xp 00000000 08:05 823805                     /usr/lib/jvm/java-6-openjdk/jre/lib/amd64/libmanagement.so
7fa85c48a000-7fa85c689000 ---p 00006000 08:05 823805                     /usr/lib/jvm/java-6-openjdk/jre/lib/amd64/libmanagement.so
7fa85c689000-7fa85c68a000 r--p 00005000 08:05 823805                     /usr/lib/jvm/java-6-openjdk/jre/lib/amd64/libmanagement.so
7fa85c68a000-7fa85c68b000 rw-p 00006000 08:05 823805                     /usr/lib/jvm/java-6-openjdk/jre/lib/amd64/libmanagement.so
7fa85c68b000-7fa85c68e000 ---p 00000000 00:00 0 
7fa85c68e000-7fa85c78c000 rw-p 00000000 00:00 0 
7fa85c78c000-7fa85c78f000 ---p 00000000 00:00 0 
7fa85c78f000-7fa85c88d000 rw-p 00000000 00:00 0 
7fa85c88d000-7fa85c8a2000 r-xp 00000000 08:05 823781                     /usr/lib/jvm/java-6-openjdk/jre/lib/amd64/libnet.so
7fa85c8a2000-7fa85caa1000 ---p 00015000 08:05 823781                     /usr/lib/jvm/java-6-openjdk/jre/lib/amd64/libnet.so
7fa85caa1000-7fa85caa2000 r--p 00014000 08:05 823781                     /usr/lib/jvm/java-6-openjdk/jre/lib/amd64/libnet.so
7fa85caa2000-7fa85caa3000 rw-p 00015000 08:05 823781                     /usr/lib/jvm/java-6-openjdk/jre/lib/amd64/libnet.so
7fa85caa3000-7fa85caa6000 ---p 00000000 00:00 0 
7fa85caa6000-7fa85cba4000 rw-p 00000000 00:00 0 
7fa85cba4000-7fa85cba6000 r--s 0004e000 08:05 290877                     /home/danon/javaEE/java3D/lib/ext/vecmath.jar
7fa85cba6000-7fa85cbb4000 r--s 00192000 08:05 291773                     /home/danon/javaEE/java3D/lib/ext/j3dutils.jar
7fa85cbb4000-7fa85cbc0000 r--s 002c7000 08:05 291591                     /home/danon/javaEE/java3D/lib/ext/j3dcore.jar
7fa85cbc0000-7fa85cbc3000 r--s 0000f000 08:05 673351                     /usr/lib/jvm/java-6-openjdk/jre/lib/ext/pulse-java.jar
7fa85cbc3000-7fa85cbcb000 r--s 00066000 08:05 307694                     /usr/share/java/gnome-java-bridge.jar
7fa85cbcb000-7fa85cbce000 ---p 00000000 00:00 0 
7fa85cbce000-7fa85cccc000 rw-p 00000000 00:00 0 
7fa85cccc000-7fa85d090000 r--p 00000000 08:05 149660                     /usr/lib/locale/locale-archive
7fa85d090000-7fa85d093000 ---p 00000000 00:00 0 
7fa85d093000-7fa85d191000 rw-p 00000000 00:00 0 
7fa85d191000-7fa85d194000 ---p 00000000 00:00 0 
7fa85d194000-7fa85d292000 rw-p 00000000 00:00 0 
7fa85d292000-7fa85d293000 ---p 00000000 00:00 0 
7fa85d293000-7fa85d696000 rw-p 00000000 00:00 0 
7fa85d696000-7fa85d697000 r--s 00003000 08:05 666585                     /home/danon/.netbeans/6.9/lib/jfluid-server-15.jar
7fa85d697000-7fa85d69b000 r--s 00053000 08:05 666587                     /home/danon/.netbeans/6.9/lib/jfluid-server.jar
7fa85d69b000-7fa85d69d000 r--s 0001d000 08:05 670443                     /usr/lib/jvm/java-6-openjdk/jre/lib/plugin.jar
7fa85d69d000-7fa85d6a2000 r--s 00044000 08:05 673338                     /usr/lib/jvm/java-6-openjdk/jre/lib/netx.jar
7fa85d6a2000-7fa85d6d5000 rw-p 00000000 00:00 0 
7fa85d6d5000-7fa85d864000 r--s 038c2000 08:05 662768                     /usr/lib/jvm/java-6-openjdk/jre/lib/rt.jar
7fa85d864000-7fa85d88c000 rw-p 00000000 00:00 0 
7fa85d88c000-7fa85d88d000 ---p 00000000 00:00 0 
7fa85d88d000-7fa85d98d000 rw-p 00000000 00:00 0 
7fa85d98d000-7fa85d98e000 ---p 00000000 00:00 0 
7fa85d98e000-7fa85daac000 rw-p 00000000 00:00 0 
7fa85daac000-7fa85dab2000 ---p 00000000 00:00 0 
7fa85dab2000-7fa85dae1000 rw-p 00000000 00:00 0 
7fa85dae1000-7fa85daea000 rw-p 00000000 00:00 0 
7fa85daea000-7fa85dc29000 rw-p 00000000 00:00 0 
7fa85dc29000-7fa85dc47000 rw-p 00000000 00:00 0 
7fa85dc47000-7fa85dc4d000 ---p 00000000 00:00 0 
7fa85dc4d000-7fa85dc7c000 rw-p 00000000 00:00 0 
7fa85dc7c000-7fa85dc85000 rw-p 00000000 00:00 0 
7fa85dc85000-7fa85ddc4000 rw-p 00000000 00:00 0 
7fa85ddc4000-7fa85ddcf000 rw-p 00000000 00:00 0 
7fa85ddcf000-7fa85ddd2000 ---p 00000000 00:00 0 
7fa85ddd2000-7fa85de68000 rw-p 00000000 00:00 0 
7fa85de68000-7fa85de69000 rw-p 00000000 00:00 0 
7fa85de69000-7fa85e119000 rwxp 00000000 00:00 0 
7fa85e119000-7fa860e69000 rw-p 00000000 00:00 0 
7fa860e69000-7fa860e70000 r-xp 00000000 08:05 823795                     /usr/lib/jvm/java-6-openjdk/jre/lib/amd64/libzip.so
7fa860e70000-7fa86106f000 ---p 00007000 08:05 823795                     /usr/lib/jvm/java-6-openjdk/jre/lib/amd64/libzip.so
7fa86106f000-7fa861070000 r--p 00006000 08:05 823795                     /usr/lib/jvm/java-6-openjdk/jre/lib/amd64/libzip.so
7fa861070000-7fa861071000 rw-p 00007000 08:05 823795                     /usr/lib/jvm/java-6-openjdk/jre/lib/amd64/libzip.so
7fa861071000-7fa86107d000 r-xp 00000000 08:05 7855                       /lib/libnss_files-2.12.1.so
7fa86107d000-7fa86127c000 ---p 0000c000 08:05 7855                       /lib/libnss_files-2.12.1.so
7fa86127c000-7fa86127d000 r--p 0000b000 08:05 7855                       /lib/libnss_files-2.12.1.so
7fa86127d000-7fa86127e000 rw-p 0000c000 08:05 7855                       /lib/libnss_files-2.12.1.so
7fa86127e000-7fa861288000 r-xp 00000000 08:05 7850                       /lib/libnss_nis-2.12.1.so
7fa861288000-7fa861487000 ---p 0000a000 08:05 7850                       /lib/libnss_nis-2.12.1.so
7fa861487000-7fa861488000 r--p 00009000 08:05 7850                       /lib/libnss_nis-2.12.1.so
7fa861488000-7fa861489000 rw-p 0000a000 08:05 7850                       /lib/libnss_nis-2.12.1.so
7fa861489000-7fa861491000 r-xp 00000000 08:05 7852                       /lib/libnss_compat-2.12.1.so
7fa861491000-7fa861690000 ---p 00008000 08:05 7852                       /lib/libnss_compat-2.12.1.so
7fa861690000-7fa861691000 r--p 00007000 08:05 7852                       /lib/libnss_compat-2.12.1.so
7fa861691000-7fa861692000 rw-p 00008000 08:05 7852                       /lib/libnss_compat-2.12.1.so
7fa861692000-7fa86169b000 r-xp 00000000 08:05 666565                     /home/danon/.netbeans/6.9/lib/deployed/jdk16/linux-amd64/libprofilerinterface.so
7fa86169b000-7fa86179a000 ---p 00009000 08:05 666565                     /home/danon/.netbeans/6.9/lib/deployed/jdk16/linux-amd64/libprofilerinterface.so
7fa86179a000-7fa86179b000 rw-p 00008000 08:05 666565                     /home/danon/.netbeans/6.9/lib/deployed/jdk16/linux-amd64/libprofilerinterface.so
7fa86179b000-7fa8617a3000 r-xp 00000000 08:05 823804                     /usr/lib/jvm/java-6-openjdk/jre/lib/amd64/native_threads/libhpi.so
7fa8617a3000-7fa8619a2000 ---p 00008000 08:05 823804                     /usr/lib/jvm/java-6-openjdk/jre/lib/amd64/native_threads/libhpi.so
7fa8619a2000-7fa8619a3000 r--p 00007000 08:05 823804                     /usr/lib/jvm/java-6-openjdk/jre/lib/amd64/native_threads/libhpi.so
7fa8619a3000-7fa8619a4000 rw-p 00008000 08:05 823804                     /usr/lib/jvm/java-6-openjdk/jre/lib/amd64/native_threads/libhpi.so
7fa8619a4000-7fa8619bb000 r-xp 00000000 08:05 7854                       /lib/libnsl-2.12.1.so
7fa8619bb000-7fa861bba000 ---p 00017000 08:05 7854                       /lib/libnsl-2.12.1.so
7fa861bba000-7fa861bbb000 r--p 00016000 08:05 7854                       /lib/libnsl-2.12.1.so
7fa861bbb000-7fa861bbc000 rw-p 00017000 08:05 7854                       /lib/libnsl-2.12.1.so
7fa861bbc000-7fa861bbe000 rw-p 00000000 00:00 0 
7fa861bbe000-7fa861be9000 r-xp 00000000 08:05 823794                     /usr/lib/jvm/java-6-openjdk/jre/lib/amd64/libjava.so
7fa861be9000-7fa861de8000 ---p 0002b000 08:05 823794                     /usr/lib/jvm/java-6-openjdk/jre/lib/amd64/libjava.so
7fa861de8000-7fa861de9000 r--p 0002a000 08:05 823794                     /usr/lib/jvm/java-6-openjdk/jre/lib/amd64/libjava.so
7fa861de9000-7fa861dec000 rw-p 0002b000 08:05 823794                     /usr/lib/jvm/java-6-openjdk/jre/lib/amd64/libjava.so
7fa861dec000-7fa861dfa000 r-xp 00000000 08:05 823780                     /usr/lib/jvm/java-6-openjdk/jre/lib/amd64/libverify.so
7fa861dfa000-7fa861ff9000 ---p 0000e000 08:05 823780                     /usr/lib/jvm/java-6-openjdk/jre/lib/amd64/libverify.so
7fa861ff9000-7fa861ffb000 r--p 0000d000 08:05 823780                     /usr/lib/jvm/java-6-openjdk/jre/lib/amd64/libverify.so
7fa861ffb000-7fa861ffc000 rw-p 0000f000 08:05 823780                     /usr/lib/jvm/java-6-openjdk/jre/lib/amd64/libverify.so
7fa861ffc000-7fa862003000 r-xp 00000000 08:05 3576                       /lib/librt-2.12.1.so
7fa862003000-7fa862202000 ---p 00007000 08:05 3576                       /lib/librt-2.12.1.so
7fa862202000-7fa862203000 r--p 00006000 08:05 3576                       /lib/librt-2.12.1.so
7fa862203000-7fa862204000 rw-p 00007000 08:05 3576                       /lib/librt-2.12.1.so
7fa862204000-7fa862286000 r-xp 00000000 08:05 7848                       /lib/libm-2.12.1.so
7fa862286000-7fa862485000 ---p 00082000 08:05 7848                       /lib/libm-2.12.1.so
7fa862485000-7fa862486000 r--p 00081000 08:05 7848                       /lib/libm-2.12.1.so
7fa862486000-7fa862487000 rw-p 00082000 08:05 7848                       /lib/libm-2.12.1.so
7fa862487000-7fa862d0c000 r-xp 00000000 08:05 823797                     /usr/lib/jvm/java-6-openjdk/jre/lib/amd64/server/libjvm.so
7fa862d0c000-7fa862f0c000 ---p 00885000 08:05 823797                     /usr/lib/jvm/java-6-openjdk/jre/lib/amd64/server/libjvm.so
7fa862f0c000-7fa862f82000 r--p 00885000 08:05 823797                     /usr/lib/jvm/java-6-openjdk/jre/lib/amd64/server/libjvm.so
7fa862f82000-7fa862f9d000 rw-p 008fb000 08:05 823797                     /usr/lib/jvm/java-6-openjdk/jre/lib/amd64/server/libjvm.so
7fa862f9d000-7fa862fd6000 rw-p 00000000 00:00 0 
7fa862fd6000-7fa863150000 r-xp 00000000 08:05 7841                       /lib/libc-2.12.1.so
7fa863150000-7fa86334f000 ---p 0017a000 08:05 7841                       /lib/libc-2.12.1.so
7fa86334f000-7fa863353000 r--p 00179000 08:05 7841                       /lib/libc-2.12.1.so
7fa863353000-7fa863354000 rw-p 0017d000 08:05 7841                       /lib/libc-2.12.1.so
7fa863354000-7fa863359000 rw-p 00000000 00:00 0 
7fa863359000-7fa86335b000 r-xp 00000000 08:05 7857                       /lib/libdl-2.12.1.so
7fa86335b000-7fa86355b000 ---p 00002000 08:05 7857                       /lib/libdl-2.12.1.so
7fa86355b000-7fa86355c000 r--p 00002000 08:05 7857                       /lib/libdl-2.12.1.so
7fa86355c000-7fa86355d000 rw-p 00003000 08:05 7857                       /lib/libdl-2.12.1.so
7fa86355d000-7fa863561000 r-xp 00000000 08:05 823778                     /usr/lib/jvm/java-6-openjdk/jre/lib/amd64/jli/libjli.so
7fa863561000-7fa863760000 ---p 00004000 08:05 823778                     /usr/lib/jvm/java-6-openjdk/jre/lib/amd64/jli/libjli.so
7fa863760000-7fa863761000 r--p 00003000 08:05 823778                     /usr/lib/jvm/java-6-openjdk/jre/lib/amd64/jli/libjli.so
7fa863761000-7fa863762000 rw-p 00004000 08:05 823778                     /usr/lib/jvm/java-6-openjdk/jre/lib/amd64/jli/libjli.so
7fa863762000-7fa86377a000 r-xp 00000000 08:05 7843                       /lib/libpthread-2.12.1.so
7fa86377a000-7fa863979000 ---p 00018000 08:05 7843                       /lib/libpthread-2.12.1.so
7fa863979000-7fa86397a000 r--p 00017000 08:05 7843                       /lib/libpthread-2.12.1.so
7fa86397a000-7fa86397b000 rw-p 00018000 08:05 7843                       /lib/libpthread-2.12.1.so
7fa86397b000-7fa86397f000 rw-p 00000000 00:00 0 
7fa86397f000-7fa863995000 r-xp 00000000 08:05 2405                       /lib/libz.so.1.2.3.4
7fa863995000-7fa863b95000 ---p 00016000 08:05 2405                       /lib/libz.so.1.2.3.4
7fa863b95000-7fa863b96000 r--p 00016000 08:05 2405                       /lib/libz.so.1.2.3.4
7fa863b96000-7fa863b97000 rw-p 00017000 08:05 2405                       /lib/libz.so.1.2.3.4
7fa863b97000-7fa863bb7000 r-xp 00000000 08:05 7849                       /lib/ld-2.12.1.so
7fa863bb7000-7fa863bb8000 r--s 00000000 08:05 267289                     /var/cache/fontconfig/4c73fe0c47614734b17d736dbde7580a-le64.cache-3
7fa863bb8000-7fa863bb9000 r--s 00000000 08:05 267288                     /var/cache/fontconfig/0d8c3b2ac0904cb8a57a757ad11a4a08-le64.cache-3
7fa863bb9000-7fa863bba000 r--s 00000000 08:05 267287                     /var/cache/fontconfig/6a53c69dea097a2d716e069445527da8-le64.cache-3
7fa863bba000-7fa863bbd000 r--s 00000000 08:05 267275                     /var/cache/fontconfig/d60319d88cac85ba9e1a07bd06cfbb8c-le64.cache-3
7fa863bbd000-7fa863bbe000 r--s 00000000 08:05 298629                     /var/cache/fontconfig/4794a0821666d79190d59a36cb4f44b5-le64.cache-3
7fa863bbe000-7fa863bc9000 r--s 00000000 08:05 359914                     /var/cache/fontconfig/e13b20fdb08344e0e664864cc2ede53d-le64.cache-3
7fa863bc9000-7fa863bcd000 r--s 00000000 08:05 284448                     /var/cache/fontconfig/7ef2298fde41cc6eeb7af42e48b7d293-le64.cache-3
7fa863bcd000-7fa863bd8000 rw-p 00000000 00:00 0 
7fa863bd8000-7fa863c8d000 rw-p 00000000 00:00 0 
7fa863c8d000-7fa863c90000 ---p 00000000 00:00 0 
7fa863c90000-7fa863d93000 rw-p 00000000 00:00 0 
7fa863d93000-7fa863da7000 r--s 00000000 08:05 360123                     /var/cache/fontconfig/865f88548240fee46819705c6468c165-le64.cache-3
7fa863da7000-7fa863dab000 r--s 0007c000 08:05 659379                     /usr/lib/jvm/java-6-openjdk/jre/lib/jsse.jar
7fa863dab000-7fa863db3000 rw-s 00000000 08:05 1150                       /tmp/hsperfdata_danon/32473
7fa863db3000-7fa863db4000 rw-p 00000000 00:00 0 
7fa863db4000-7fa863db5000 r--p 00000000 00:00 0 
7fa863db5000-7fa863db7000 rw-p 00000000 00:00 0 
7fa863db7000-7fa863db8000 r--p 00020000 08:05 7849                       /lib/ld-2.12.1.so
7fa863db8000-7fa863db9000 rw-p 00021000 08:05 7849                       /lib/ld-2.12.1.so
7fa863db9000-7fa863dba000 rw-p 00000000 00:00 0 
7fffa880e000-7fffa882f000 rw-p 00000000 00:00 0                          [stack]
7fffa89b5000-7fffa89b6000 r-xp 00000000 00:00 0                          [vdso]
ffffffffff600000-ffffffffff601000 r-xp 00000000 00:00 0                  [vsyscall]

VM Arguments:
jvm_args: -agentpath:/home/danon/.netbeans/6.9/lib/deployed/jdk16/linux-amd64/libprofilerinterface.so=/home/danon/.netbeans/6.9/lib,5140,10 -Xms10m -XX:+HeapDumpOnOutOfMemoryError -XX:HeapDumpPath=/home/danon/NetBeansProjects/the-titanic/trunk/theTitanic/TitanicGameClient/nbproject/private/profiler 
java_command: client.Main
Launcher Type: SUN_STANDARD

Environment Variables:
PATH=/usr/local/sbin:/usr/local/bin:/usr/sbin:/usr/bin:/sbin:/bin:/usr/games
USERNAME=danon
LD_LIBRARY_PATH=/usr/lib/jvm/java-6-openjdk/jre/lib/amd64/server:/usr/lib/jvm/java-6-openjdk/jre/lib/amd64:/usr/lib/jvm/java-6-openjdk/jre/../lib/amd64
SHELL=/bin/bash
DISPLAY=:0.0

Signal Handlers:
SIGSEGV: [libjvm.so+0x723630], sa_mask[0]=0x7ffbfeff, sa_flags=0x10000004
SIGBUS: [libjvm.so+0x723630], sa_mask[0]=0x7ffbfeff, sa_flags=0x10000004
SIGFPE: [libjvm.so+0x5e0000], sa_mask[0]=0x7ffbfeff, sa_flags=0x10000004
SIGPIPE: [libjvm.so+0x5e0000], sa_mask[0]=0x7ffbfeff, sa_flags=0x10000004
SIGXFSZ: [libjvm.so+0x5e0000], sa_mask[0]=0x7ffbfeff, sa_flags=0x10000004
SIGILL: [libjvm.so+0x5e0000], sa_mask[0]=0x7ffbfeff, sa_flags=0x10000004
SIGUSR1: SIG_DFL, sa_mask[0]=0x00000000, sa_flags=0x00000000
SIGUSR2: [libjvm.so+0x5df710], sa_mask[0]=0x00000004, sa_flags=0x10000004
SIGHUP: [libjvm.so+0x5e2180], sa_mask[0]=0x7ffbfeff, sa_flags=0x10000004
SIGINT: SIG_IGN, sa_mask[0]=0x00000000, sa_flags=0x00000000
SIGTERM: [libjvm.so+0x5e2180], sa_mask[0]=0x7ffbfeff, sa_flags=0x10000004
SIGQUIT: [libjvm.so+0x5e2180], sa_mask[0]=0x7ffbfeff, sa_flags=0x10000004


---------------  S Y S T E M  ---------------

OS:Ubuntu 10.10 (maverick)
uname:Linux 2.6.35-27-generic #49~ppa1~loms~maverick-Ubuntu SMP Tue Mar 1 17:32:44 UTC 2011 x86_64
libc:glibc 2.12.1 NPTL 2.12.1 
rlimit: STACK 8192k, CORE 0k, NPROC infinity, NOFILE 1024, AS infinity
load average:0.30 0.14 0.07

/proc/meminfo:
MemTotal:        4023792 kB
MemFree:          117660 kB
Buffers:          185856 kB
Cached:          1045204 kB
SwapCached:          884 kB
Active:          2323048 kB
Inactive:        1243288 kB
Active(anon):    1706980 kB
Inactive(anon):   651404 kB
Active(file):     616068 kB
Inactive(file):   591884 kB
Unevictable:          80 kB
Mlocked:              80 kB
SwapTotal:       4008180 kB
SwapFree:        4001872 kB
Dirty:               640 kB
Writeback:             0 kB
AnonPages:       2334532 kB
Mapped:           204456 kB
Shmem:             23108 kB
Slab:             146312 kB
SReclaimable:     114712 kB
SUnreclaim:        31600 kB
KernelStack:        4104 kB
PageTables:        48140 kB
NFS_Unstable:          0 kB
Bounce:                0 kB
WritebackTmp:          0 kB
CommitLimit:     6020076 kB
Committed_AS:    4234724 kB
VmallocTotal:   34359738367 kB
VmallocUsed:      330324 kB
VmallocChunk:   34359380988 kB
HardwareCorrupted:     0 kB
HugePages_Total:       0
HugePages_Free:        0
HugePages_Rsvd:        0
HugePages_Surp:        0
Hugepagesize:       2048 kB
DirectMap4k:      312724 kB
DirectMap2M:     3848192 kB


CPU:total 2 (2 cores per cpu, 1 threads per core) family 6 model 23 stepping 10, cmov, cx8, fxsr, mmx, sse, sse2, sse3, ssse3, sse4.1

Memory: 4k page, physical 4023792k(117660k free), swap 4008180k(4001872k free)

vm_info: OpenJDK 64-Bit Server VM (19.0-b09) for linux-amd64 JRE (1.6.0_20-b20), built on Feb 23 2011 09:05:53 by "buildd" with gcc 4.4.5

time: Mon Mar 14 04:09:36 2011
elapsed time: 515 seconds

